2020-10-21 21:34:30.272462 - code-10: успешное подключение к БД
2020-10-21 21:43:46.532195 - code-10: успешное подключение к БД
2020-10-21 21:43:52.933869 - code-20: запрошена категория <Детские>
2020-10-21 21:43:57.623057 - code-21: запрошена ССЫЛКА сайта
2020-10-21 21:44:07.053517 - code-20: запрошена категория <Обучение>
2020-10-21 21:44:27.840244 - code-20: запрошена категория <Искусство>
2020-10-21 21:44:58.758688 - code-20: запрошена категория <Подарки \ Сувениры>
2020-10-21 21:46:18.573894 - code-20: запрошена категория <Подарки \ Сувениры>
2020-10-21 21:46:29.816106 - code-20: запрошена категория <Ювелирные>
2020-11-05 00:43:23.084682 - code-40: не удалось подключиться к БД
2020-11-05 00:43:23.084820 - code-42: нет доступа к файлу API-Token.txt
2020-11-05 00:44:55.158883 - code-10: успешное подключение к БД
2020-11-05 00:45:06.705898 - code-20: запрошена категория <Детские>
2020-11-05 00:45:11.560673 - code-20: запрошена категория <Искусство>
2020-11-05 00:45:27.702872 - code-21: запрошена ССЫЛКА сайта
2020-12-19 21:07:12.080519 - code-40: не удалось подключиться к БД
2020-12-19 21:07:12.081520 - code-42: нет доступа к файлу API-Token.txt
2020-12-19 21:08:21.708522 - code-40: не удалось подключиться к БД
2020-12-19 21:09:59.106631 - code-20: запрошена категория <Книги>
2020-12-19 21:09:59.108633 - code-43: неудачный запрос ссылок
2020-12-19 21:10:08.819614 - code-40: не удалось подключиться к БД
2020-12-19 21:10:17.165563 - code-20: запрошена категория <Детские>
2020-12-19 21:10:17.166563 - code-43: неудачный запрос ссылок
2020-12-19 21:10:43.378199 - code-21: запрошена ССЫЛКА сайта
2020-12-19 21:10:51.340888 - code-20: запрошена категория <Детские>
2020-12-19 21:10:51.342889 - code-43: неудачный запрос ссылок
2020-12-19 21:11:47.679210 - code-10: успешное подключение к БД
2020-12-19 21:11:50.022522 - code-20: запрошена категория <Для дома и сада>
2020-12-19 21:12:20.201415 - code-20: запрошена категория <Книги>
